# JRE version: Java(TM) SE Runtime Environment (20.0.1+9) (build 20.0.1+9-29)
# Java VM: Java HotSpot(TM) 64-Bit Server VM (20.0.1+9-29, mixed mode, sharing, tiered, compressed oops, compressed class ptrs, g1 gc, windows-amd64)
GC Precious Log:
 CardTable entry size: 512
 Card Set container configuration: InlinePtr #cards 4 size 8 Array Of Cards #cards 16 size 48 Howl #buckets 8 coarsen threshold 3686 Howl Bitmap #cards 512 size 80 coarsen threshold 460 Card regions per heap region 1 cards per card region 4096
 CPUs: 20 total, 20 available
 Memory: 16110M
 Large Page Support: Disabled
 NUMA Support: Disabled
 Compressed Oops: Enabled (Zero based)
 Heap Region Size: 2M
 Heap Min Capacity: 8M
 Heap Initial Capacity: 252M
 Heap Max Capacity: 4028M
 Pre-touch: Disabled
 Parallel Workers: 15
 Concurrent Workers: 4
 Concurrent Refinement Workers: 15
 Periodic GC: Disabled
Heap:
 garbage-first heap   total 90112K, used 71531K [0x0000000704400000, 0x0000000800000000)
  region size 2048K, 22 young (45056K), 2 survivors (4096K)
 Metaspace       used 72683K, committed 73472K, reserved 1114112K
  class space    used 9661K, committed 9984K, reserved 1048576K
GC Heap History (20 events):
Event: 2.152 GC heap before
{Heap before GC invocations=5 (full 0):
 garbage-first heap   total 73728K, used 48944K [0x0000000704400000, 0x0000000800000000)
  region size 2048K, 21 young (43008K), 6 survivors (12288K)
 Metaspace       used 32720K, committed 33216K, reserved 1114112K
  class space    used 4036K, committed 4224K, reserved 1048576K
}
Event: 2.156 GC heap after
{Heap after GC invocations=6 (full 0):
 garbage-first heap   total 73728K, used 20634K [0x0000000704400000, 0x0000000800000000)
  region size 2048K, 2 young (4096K), 2 survivors (4096K)
 Metaspace       used 32720K, committed 33216K, reserved 1114112K
  class space    used 4036K, committed 4224K, reserved 1048576K
}
Event: 2.644 GC heap before
{Heap before GC invocations=6 (full 0):
 garbage-first heap   total 73728K, used 53402K [0x0000000704400000, 0x0000000800000000)
  region size 2048K, 19 young (38912K), 2 survivors (4096K)
 Metaspace       used 35391K, committed 35968K, reserved 1114112K
  class space    used 4458K, committed 4736K, reserved 1048576K
}
Event: 2.646 GC heap after
{Heap after GC invocations=7 (full 0):
 garbage-first heap   total 73728K, used 22247K [0x0000000704400000, 0x0000000800000000)
  region size 2048K, 3 young (6144K), 3 survivors (6144K)
 Metaspace       used 35391K, committed 35968K, reserved 1114112K
  class space    used 4458K, committed 4736K, reserved 1048576K
}
Event: 3.203 GC heap before
{Heap before GC invocations=8 (full 0):
 garbage-first heap   total 73728K, used 57063K [0x0000000704400000, 0x0000000800000000)
  region size 2048K, 21 young (43008K), 3 survivors (6144K)
 Metaspace       used 45966K, committed 46592K, reserved 1114112K
  class space    used 5932K, committed 6208K, reserved 1048576K
}
Event: 3.206 GC heap after
{Heap after GC invocations=9 (full 0):
 garbage-first heap   total 73728K, used 24066K [0x0000000704400000, 0x0000000800000000)
  region size 2048K, 3 young (6144K), 3 survivors (6144K)
 Metaspace       used 45966K, committed 46592K, reserved 1114112K
  class space    used 5932K, committed 6208K, reserved 1048576K
}
Event: 3.579 GC heap before
{Heap before GC invocations=9 (full 0):
 garbage-first heap   total 73728K, used 56834K [0x0000000704400000, 0x0000000800000000)
  region size 2048K, 20 young (40960K), 3 survivors (6144K)
 Metaspace       used 56739K, committed 57344K, reserved 1114112K
  class space    used 7586K, committed 7872K, reserved 1048576K
}
Event: 3.585 GC heap after
{Heap after GC invocations=10 (full 0):
 garbage-first heap   total 73728K, used 25417K [0x0000000704400000, 0x0000000800000000)
  region size 2048K, 3 young (6144K), 3 survivors (6144K)
 Metaspace       used 56739K, committed 57344K, reserved 1114112K
  class space    used 7586K, committed 7872K, reserved 1048576K
}
Event: 3.812 GC heap before
{Heap before GC invocations=10 (full 0):
 garbage-first heap   total 73728K, used 43849K [0x0000000704400000, 0x0000000800000000)
  region size 2048K, 13 young (26624K), 3 survivors (6144K)
 Metaspace       used 59477K, committed 60096K, reserved 1114112K
  class space    used 7880K, committed 8128K, reserved 1048576K
}
Event: 3.815 GC heap after
{Heap after GC invocations=11 (full 0):
 garbage-first heap   total 73728K, used 27783K [0x0000000704400000, 0x0000000800000000)
  region size 2048K, 2 young (4096K), 2 survivors (4096K)
 Metaspace       used 59477K, committed 60096K, reserved 1114112K
  class space    used 7880K, committed 8128K, reserved 1048576K
}
Event: 4.233 GC heap before
{Heap before GC invocations=12 (full 0):
 garbage-first heap   total 73728K, used 62599K [0x0000000704400000, 0x0000000800000000)
  region size 2048K, 19 young (38912K), 2 survivors (4096K)
 Metaspace       used 60843K, committed 61504K, reserved 1114112K
  class space    used 8116K, committed 8384K, reserved 1048576K
}
Event: 4.236 GC heap after
{Heap after GC invocations=13 (full 0):
 garbage-first heap   total 90112K, used 30206K [0x0000000704400000, 0x0000000800000000)
  region size 2048K, 3 young (6144K), 3 survivors (6144K)
 Metaspace       used 60843K, committed 61504K, reserved 1114112K
  class space    used 8116K, committed 8384K, reserved 1048576K
}
Event: 4.675 GC heap before
{Heap before GC invocations=13 (full 0):
 garbage-first heap   total 90112K, used 75262K [0x0000000704400000, 0x0000000800000000)
  region size 2048K, 25 young (51200K), 3 survivors (6144K)
 Metaspace       used 63500K, committed 64256K, reserved 1114112K
  class space    used 8503K, committed 8832K, reserved 1048576K
}
Event: 4.679 GC heap after
{Heap after GC invocations=14 (full 0):
 garbage-first heap   total 90112K, used 33170K [0x0000000704400000, 0x0000000800000000)
  region size 2048K, 4 young (8192K), 4 survivors (8192K)
 Metaspace       used 63500K, committed 64256K, reserved 1114112K
  class space    used 8503K, committed 8832K, reserved 1048576K
}
Event: 783.659 GC heap before
{Heap before GC invocations=14 (full 0):
 garbage-first heap   total 90112K, used 72082K [0x0000000704400000, 0x0000000800000000)
  region size 2048K, 24 young (49152K), 4 survivors (8192K)
 Metaspace       used 72043K, committed 72832K, reserved 1114112K
  class space    used 9621K, committed 9984K, reserved 1048576K
}
Event: 783.665 GC heap after
{Heap after GC invocations=15 (full 0):
 garbage-first heap   total 90112K, used 35143K [0x0000000704400000, 0x0000000800000000)
  region size 2048K, 2 young (4096K), 2 survivors (4096K)
 Metaspace       used 72043K, committed 72832K, reserved 1114112K
  class space    used 9621K, committed 9984K, reserved 1048576K
}
Event: 1142.119 GC heap before
{Heap before GC invocations=15 (full 0):
 garbage-first heap   total 90112K, used 41287K [0x0000000704400000, 0x0000000800000000)
  region size 2048K, 6 young (12288K), 2 survivors (4096K)
 Metaspace       used 72167K, committed 72896K, reserved 1114112K
  class space    used 9644K, committed 9984K, reserved 1048576K
}
Event: 1142.153 GC heap after
{Heap after GC invocations=16 (full 1):
 garbage-first heap   total 90112K, used 28694K [0x0000000704400000, 0x0000000800000000)
  region size 2048K, 0 young (0K), 0 survivors (0K)
 Metaspace       used 72167K, committed 72896K, reserved 1114112K
  class space    used 9644K, committed 9984K, reserved 1048576K
}
Event: 1142.581 GC heap before
{Heap before GC invocations=16 (full 1):
 garbage-first heap   total 90112K, used 73750K [0x0000000704400000, 0x0000000800000000)
  region size 2048K, 23 young (47104K), 0 survivors (0K)
 Metaspace       used 72380K, committed 73152K, reserved 1114112K
  class space    used 9652K, committed 9984K, reserved 1048576K
}
Event: 1142.584 GC heap after
{Heap after GC invocations=17 (full 1):
 garbage-first heap   total 90112K, used 32619K [0x0000000704400000, 0x0000000800000000)
  region size 2048K, 2 young (4096K), 2 survivors (4096K)
 Metaspace       used 72380K, committed 73152K, reserved 1114112K
  class space    used 9652K, committed 9984K, reserved 1048576K
}

